2025-08-26 18:10:21,100 - main - INFO - app start
2025-08-26 18:10:43,477 - main - INFO - app ended
2025-08-26 18:12:56,656 - main - INFO - app start
2025-08-26 18:12:59,087 - main - INFO - app ended
2025-08-26 18:12:59,688 - main - INFO - app start
2025-08-26 18:13:00,350 - main - INFO - Called from base.py:184 - GET /health
2025-08-26 18:13:08,974 - main - INFO - Called from base.py:184 - GET /health
2025-08-26 18:13:28,807 - main - INFO - app ended
2025-08-26 18:13:31,208 - main - INFO - app start
2025-08-26 18:17:36,615 - main - INFO - app ended
2025-08-26 18:17:38,668 - main - INFO - app start
2025-08-26 18:18:08,945 - main - INFO - app ended
2025-08-26 18:18:10,960 - main - INFO - app start
2025-08-26 18:19:57,497 - main - INFO - app ended
2025-08-26 18:19:58,222 - main - INFO - app start
2025-08-26 18:20:24,622 - main - INFO - app ended
2025-08-26 18:25:09,518 - main - INFO - main:lifespan:18 - app start
2025-08-26 18:25:28,090 - main - INFO - main:lifespan:21 - app ended
2025-08-26 18:25:28,745 - main - INFO - main:lifespan:18 - app start
2025-08-26 18:25:44,654 - main - INFO - main:lifespan:21 - app ended
2025-08-26 18:25:45,322 - main - INFO - app start
2025-08-26 18:26:59,467 - main - INFO - app ended
2025-08-26 18:27:00,224 - main - INFO - app start
2025-08-26 18:29:01,334 - main - INFO - app ended
2025-08-26 18:35:39,759 - main - INFO - app start
2025-08-26 18:38:10,145 - main - INFO - app ended
2025-08-26 18:38:10,798 - main - INFO - app start
2025-08-26 18:38:20,577 - main - INFO - app ended
2025-08-26 18:38:21,168 - main - INFO - app start
2025-08-26 19:07:49,430 - main - INFO - app start
2025-08-26 19:08:08,681 - main - INFO - app ended
2025-08-26 19:08:29,454 - main - INFO - app start
2025-08-26 19:08:32,172 - main - INFO - app ended
2025-08-26 19:11:13,602 - main - INFO - app start
2025-08-26 19:11:20,953 - main - INFO - app ended
2025-08-26 19:11:21,557 - main - INFO - app start
2025-08-26 19:11:52,493 - main - INFO - app ended
2025-08-26 19:11:55,098 - main - INFO - app start
2025-08-26 19:12:07,593 - main - INFO - app ended
2025-08-26 20:05:51,287 - main - INFO - app start
2025-08-26 20:06:27,151 - main - INFO - app ended
2025-08-26 20:06:27,923 - main - INFO - app start
2025-08-26 20:06:31,144 - main - INFO - app ended
2025-08-26 20:06:31,771 - main - INFO - app start
2025-08-26 20:06:32,378 - main - INFO - app ended
2025-08-26 20:06:34,472 - main - INFO - app start
2025-08-26 20:07:34,810 - main - INFO - app ended
